E:\WHB_FILE\VS2010FILE\MP15_DFCT_RCRD\MP15_DFCT_RCRD\RELEASE\ADO_CONN.OBJ
E:\WHB_FILE\VS2010FILE\MP15_Dfct_Rcrd\MP15_Dfct_Rcrd\Release\cl.command.1.tlog
E:\WHB_FILE\VS2010FILE\MP15_Dfct_Rcrd\MP15_Dfct_Rcrd\Release\CL.read.1.tlog
E:\WHB_FILE\VS2010FILE\MP15_Dfct_Rcrd\MP15_Dfct_Rcrd\Release\CL.write.1.tlog
E:\WHB_FILE\VS2010FILE\MP15_DFCT_RCRD\MP15_DFCT_RCRD\RELEASE\CTX_DB.OBJ
E:\WHB_FILE\VS2010FILE\MP15_Dfct_Rcrd\MP15_Dfct_Rcrd\Release\excel.tlh
E:\WHB_FILE\VS2010FILE\MP15_Dfct_Rcrd\MP15_Dfct_Rcrd\Release\excel.tli
E:\WHB_FILE\VS2010FILE\MP15_DFCT_RCRD\MP15_DFCT_RCRD\RELEASE\ILLUSIONEXCELFILE.OBJ
E:\WHB_FILE\VS2010FILE\MP15_Dfct_Rcrd\MP15_Dfct_Rcrd\Release\link.command.1.tlog
E:\WHB_FILE\VS2010FILE\MP15_Dfct_Rcrd\MP15_Dfct_Rcrd\Release\link.read.1.tlog
E:\WHB_FILE\VS2010FILE\MP15_DFCT_RCRD\MP15_DFCT_RCRD\RELEASE\LIST_ROW_DATA.OBJ
E:\WHB_FILE\VS2010FILE\MP15_DFCT_RCRD\MP15_DFCT_RCRD\RELEASE\MP15_DFCT_RCRD.OBJ
E:\WHB_FILE\VS2010FILE\MP15_DFCT_RCRD\MP15_DFCT_RCRD\RELEASE\MP15_DFCT_RCRD.PCH
E:\WHB_FILE\VS2010FILE\MP15_DFCT_RCRD\MP15_DFCT_RCRD\RELEASE\MP15_DFCT_RCRD.RES
E:\WHB_FILE\VS2010FILE\MP15_Dfct_Rcrd\MP15_Dfct_Rcrd\Release\MP15_Dfct_Rcrd.write.1.tlog
E:\WHB_FILE\VS2010FILE\MP15_DFCT_RCRD\MP15_DFCT_RCRD\RELEASE\MP15_DFCT_RCRDDLG.OBJ
E:\WHB_FILE\VS2010FILE\MP15_Dfct_Rcrd\MP15_Dfct_Rcrd\Release\msado15.tlh
E:\WHB_FILE\VS2010FILE\MP15_Dfct_Rcrd\MP15_Dfct_Rcrd\Release\msado15.tli
E:\WHB_FILE\VS2010FILE\MP15_Dfct_Rcrd\MP15_Dfct_Rcrd\Release\mso.tlh
E:\WHB_FILE\VS2010FILE\MP15_Dfct_Rcrd\MP15_Dfct_Rcrd\Release\mso.tli
E:\WHB_FILE\VS2010FILE\MP15_Dfct_Rcrd\MP15_Dfct_Rcrd\Release\rc.command.1.tlog
E:\WHB_FILE\VS2010FILE\MP15_Dfct_Rcrd\MP15_Dfct_Rcrd\Release\rc.read.1.tlog
E:\WHB_FILE\VS2010FILE\MP15_Dfct_Rcrd\MP15_Dfct_Rcrd\Release\rc.write.1.tlog
E:\WHB_FILE\VS2010FILE\MP15_DFCT_RCRD\MP15_DFCT_RCRD\RELEASE\STDAFX.OBJ
E:\WHB_FILE\VS2010FILE\MP15_Dfct_Rcrd\MP15_Dfct_Rcrd\Release\vbe6ext.tlh
E:\WHB_FILE\VS2010FILE\MP15_Dfct_Rcrd\MP15_Dfct_Rcrd\Release\vbe6ext.tli
E:\WHB_FILE\VS2010FILE\MP15_DFCT_RCRD\MP15_DFCT_RCRD\RELEASE\VC100.PDB
E:\WHB_FILE\VS2010FILE\MP15_Dfct_Rcrd\Release\MP15_Dfct_Rcrd.exe
