生成启动时间为 2016/9/29 15:55:36。
     1>项目“E:\WHB_FILE\VS2010FILE\MP15_Dfct_Rcrd\MP15_Dfct_Rcrd\MP15_Dfct_Rcrd.vcxproj”在节点 2 上(build 个目标)。
     1>InitializeBuildStatus:
         正在对“Release\MP15_Dfct_Rcrd.unsuccessfulbuild”执行 Touch 任务。
       ClCompile:
         所有输出均为最新。
         所有输出均为最新。
       ResourceCompile:
         所有输出均为最新。
       Link:
         所有输出均为最新。
         MP15_Dfct_Rcrd.vcxproj -> E:\WHB_FILE\VS2010FILE\MP15_Dfct_Rcrd\Release\MP15_Dfct_Rcrd.exe
       Manifest:
         C:\Program Files\Microsoft SDKs\Windows\v7.0A\bin\mt.exe /nologo /verbose /outputresource:"E:\WHB_FILE\VS2010FILE\MP15_Dfct_Rcrd\Release\MP15_Dfct_Rcrd.exe;#1" /manifest Release\MP15_Dfct_Rcrd.exe.intermediate.manifest "C:\Program Files\Microsoft Visual Studio 10.0\VC\Include\Manifest\dpiaware.manifest"
       FinalizeBuildStatus:
         正在删除文件“Release\MP15_Dfct_Rcrd.unsuccessfulbuild”。
         正在对“Release\MP15_Dfct_Rcrd.lastbuildstate”执行 Touch 任务。
     1>已完成生成项目“E:\WHB_FILE\VS2010FILE\MP15_Dfct_Rcrd\MP15_Dfct_Rcrd\MP15_Dfct_Rcrd.vcxproj”(build 个目标)的操作。

生成成功。

已用时间 00:00:00.36
